Determining if the pthread_create exist failed with the following output:
Change Dir: /home/kaustav/Qbotics-Labs-Internship/diff_drive_gazebo/build/CMakeFiles/CMakeTmp

Run Build Command:"/usr/bin/make" "cmTC_93398/fast"
/usr/bin/make -f CMakeFiles/cmTC_93398.dir/build.make CMakeFiles/cmTC_93398.dir/build
make[1]: Entering directory '/home/kaustav/Qbotics-Labs-Internship/diff_drive_gazebo/build/CMakeFiles/CMakeTmp'
Building C object CMakeFiles/cmTC_93398.dir/CheckSymbolExists.c.o
/usr/bin/cc    -o CMakeFiles/cmTC_93398.dir/CheckSymbolExists.c.o   -c /home/kaustav/Qbotics-Labs-Internship/diff_drive_gazebo/build/CMakeFiles/CMakeTmp/CheckSymbolExists.c
Linking C executable cmTC_93398
/usr/bin/cmake -E cmake_link_script CMakeFiles/cmTC_93398.dir/link.txt --verbose=1
/usr/bin/cc      -rdynamic CMakeFiles/cmTC_93398.dir/CheckSymbolExists.c.o  -o cmTC_93398 
CMakeFiles/cmTC_93398.dir/CheckSymbolExists.c.o: In function `main':
CheckSymbolExists.c:(.text+0x1b): undefined reference to `pthread_create'
collect2: error: ld returned 1 exit status
CMakeFiles/cmTC_93398.dir/build.make:97: recipe for target 'cmTC_93398' failed
make[1]: *** [cmTC_93398] Error 1
make[1]: Leaving directory '/home/kaustav/Qbotics-Labs-Internship/diff_drive_gazebo/build/CMakeFiles/CMakeTmp'
Makefile:126: recipe for target 'cmTC_93398/fast' failed
make: *** [cmTC_93398/fast] Error 2

File /home/kaustav/Qbotics-Labs-Internship/diff_drive_gazebo/build/CMakeFiles/CMakeTmp/CheckSymbolExists.c:
/* */
#include <pthread.h>

int main(int argc, char** argv)
{
  (void)argv;
#ifndef pthread_create
  return ((int*)(&pthread_create))[argc];
#else
  (void)argc;
  return 0;
#endif
}

Determining if the function pthread_create exists in the pthreads failed with the following output:
Change Dir: /home/kaustav/Qbotics-Labs-Internship/diff_drive_gazebo/build/CMakeFiles/CMakeTmp

Run Build Command:"/usr/bin/make" "cmTC_15a5d/fast"
/usr/bin/make -f CMakeFiles/cmTC_15a5d.dir/build.make CMakeFiles/cmTC_15a5d.dir/build
make[1]: Entering directory '/home/kaustav/Qbotics-Labs-Internship/diff_drive_gazebo/build/CMakeFiles/CMakeTmp'
Building C object CMakeFiles/cmTC_15a5d.dir/CheckFunctionExists.c.o
/usr/bin/cc   -DCHECK_FUNCTION_EXISTS=pthread_create   -o CMakeFiles/cmTC_15a5d.dir/CheckFunctionExists.c.o   -c /usr/share/cmake-3.10/Modules/CheckFunctionExists.c
Linking C executable cmTC_15a5d
/usr/bin/cmake -E cmake_link_script CMakeFiles/cmTC_15a5d.dir/link.txt --verbose=1
/usr/bin/cc  -DCHECK_FUNCTION_EXISTS=pthread_create    -rdynamic CMakeFiles/cmTC_15a5d.dir/CheckFunctionExists.c.o  -o cmTC_15a5d -lpthreads 
/usr/bin/ld: cannot find -lpthreads
collect2: error: ld returned 1 exit status
CMakeFiles/cmTC_15a5d.dir/build.make:97: recipe for target 'cmTC_15a5d' failed
make[1]: *** [cmTC_15a5d] Error 1
make[1]: Leaving directory '/home/kaustav/Qbotics-Labs-Internship/diff_drive_gazebo/build/CMakeFiles/CMakeTmp'
Makefile:126: recipe for target 'cmTC_15a5d/fast' failed
make: *** [cmTC_15a5d/fast] Error 2


